<?xml version="1.0" encoding="UTF-8"?>
<testsuite xmlns:xsi="http://www.w3.org/2001/XMLSchema-instance" xsi:noNamespaceSchemaLocation="https://maven.apache.org/surefire/maven-surefire-plugin/xsd/surefire-test-report-3.0.xsd" version="3.0" name="top.feli.wlt.WltApplicationTests" time="3.998" tests="1" errors="0" skipped="0" failures="0">
  <properties>
    <property name="java.specification.version" value="17"/>
    <property name="sun.cpu.isalist" value="amd64"/>
    <property name="sun.jnu.encoding" value="GBK"/>
    <property name="java.class.path" value="D:\program\File-Server\target\test-classes;D:\program\File-Server\target\classes;D:\env\apache-maven-3.6.3\res\org\springframework\boot\spring-boot-starter\3.1.7-SNAPSHOT\spring-boot-starter-3.1.7-SNAPSHOT.jar;D:\env\apache-maven-3.6.3\res\org\springframework\boot\spring-boot\3.1.7-SNAPSHOT\spring-boot-3.1.7-SNAPSHOT.jar;D:\env\apache-maven-3.6.3\res\org\springframework\spring-context\6.0.15\spring-context-6.0.15.jar;D:\env\apache-maven-3.6.3\res\org\springframework\boot\spring-boot-autoconfigure\3.1.7-SNAPSHOT\spring-boot-autoconfigure-3.1.7-SNAPSHOT.jar;D:\env\apache-maven-3.6.3\res\org\springframework\boot\spring-boot-starter-logging\3.1.7-SNAPSHOT\spring-boot-starter-logging-3.1.7-SNAPSHOT.jar;D:\env\apache-maven-3.6.3\res\ch\qos\logback\logback-classic\1.4.14\logback-classic-1.4.14.jar;D:\env\apache-maven-3.6.3\res\ch\qos\logback\logback-core\1.4.14\logback-core-1.4.14.jar;D:\env\apache-maven-3.6.3\res\org\apache\logging\log4j\log4j-to-slf4j\2.20.0\log4j-to-slf4j-2.20.0.jar;D:\env\apache-maven-3.6.3\res\org\apache\logging\log4j\log4j-api\2.20.0\log4j-api-2.20.0.jar;D:\env\apache-maven-3.6.3\res\org\slf4j\jul-to-slf4j\2.0.9\jul-to-slf4j-2.0.9.jar;D:\env\apache-maven-3.6.3\res\jakarta\annotation\jakarta.annotation-api\2.1.1\jakarta.annotation-api-2.1.1.jar;D:\env\apache-maven-3.6.3\res\org\springframework\spring-core\6.0.15\spring-core-6.0.15.jar;D:\env\apache-maven-3.6.3\res\org\springframework\spring-jcl\6.0.15\spring-jcl-6.0.15.jar;D:\env\apache-maven-3.6.3\res\org\yaml\snakeyaml\1.33\snakeyaml-1.33.jar;D:\env\apache-maven-3.6.3\res\org\springframework\boot\spring-boot-starter-web\3.1.7-SNAPSHOT\spring-boot-starter-web-3.1.7-SNAPSHOT.jar;D:\env\apache-maven-3.6.3\res\org\springframework\boot\spring-boot-starter-json\3.1.7-SNAPSHOT\spring-boot-starter-json-3.1.7-SNAPSHOT.jar;D:\env\apache-maven-3.6.3\res\com\fasterxml\jackson\core\jackson-databind\2.15.3\jackson-databind-2.15.3.jar;D:\env\apache-maven-3.6.3\res\com\fasterxml\jackson\core\jackson-annotations\2.15.3\jackson-annotations-2.15.3.jar;D:\env\apache-maven-3.6.3\res\com\fasterxml\jackson\core\jackson-core\2.15.3\jackson-core-2.15.3.jar;D:\env\apache-maven-3.6.3\res\com\fasterxml\jackson\datatype\jackson-datatype-jdk8\2.15.3\jackson-datatype-jdk8-2.15.3.jar;D:\env\apache-maven-3.6.3\res\com\fasterxml\jackson\datatype\jackson-datatype-jsr310\2.15.3\jackson-datatype-jsr310-2.15.3.jar;D:\env\apache-maven-3.6.3\res\com\fasterxml\jackson\module\jackson-module-parameter-names\2.15.3\jackson-module-parameter-names-2.15.3.jar;D:\env\apache-maven-3.6.3\res\org\springframework\boot\spring-boot-starter-tomcat\3.1.7-SNAPSHOT\spring-boot-starter-tomcat-3.1.7-SNAPSHOT.jar;D:\env\apache-maven-3.6.3\res\org\apache\tomcat\embed\tomcat-embed-core\10.1.17\tomcat-embed-core-10.1.17.jar;D:\env\apache-maven-3.6.3\res\org\apache\tomcat\embed\tomcat-embed-el\10.1.17\tomcat-embed-el-10.1.17.jar;D:\env\apache-maven-3.6.3\res\org\apache\tomcat\embed\tomcat-embed-websocket\10.1.17\tomcat-embed-websocket-10.1.17.jar;D:\env\apache-maven-3.6.3\res\org\springframework\spring-web\6.0.15\spring-web-6.0.15.jar;D:\env\apache-maven-3.6.3\res\org\springframework\spring-beans\6.0.15\spring-beans-6.0.15.jar;D:\env\apache-maven-3.6.3\res\io\micrometer\micrometer-observation\1.11.7\micrometer-observation-1.11.7.jar;D:\env\apache-maven-3.6.3\res\io\micrometer\micrometer-commons\1.11.7\micrometer-commons-1.11.7.jar;D:\env\apache-maven-3.6.3\res\org\springframework\spring-webmvc\6.0.15\spring-webmvc-6.0.15.jar;D:\env\apache-maven-3.6.3\res\org\springframework\spring-aop\6.0.15\spring-aop-6.0.15.jar;D:\env\apache-maven-3.6.3\res\org\springframework\spring-expression\6.0.15\spring-expression-6.0.15.jar;D:\env\apache-maven-3.6.3\res\org\springframework\boot\spring-boot-starter-test\3.1.7-SNAPSHOT\spring-boot-starter-test-3.1.7-SNAPSHOT.jar;D:\env\apache-maven-3.6.3\res\org\springframework\boot\spring-boot-test\3.1.7-SNAPSHOT\spring-boot-test-3.1.7-SNAPSHOT.jar;D:\env\apache-maven-3.6.3\res\org\springframework\boot\spring-boot-test-autoconfigure\3.1.7-SNAPSHOT\spring-boot-test-autoconfigure-3.1.7-SNAPSHOT.jar;D:\env\apache-maven-3.6.3\res\com\jayway\jsonpath\json-path\2.8.0\json-path-2.8.0.jar;D:\env\apache-maven-3.6.3\res\org\slf4j\slf4j-api\2.0.9\slf4j-api-2.0.9.jar;D:\env\apache-maven-3.6.3\res\jakarta\xml\bind\jakarta.xml.bind-api\4.0.1\jakarta.xml.bind-api-4.0.1.jar;D:\env\apache-maven-3.6.3\res\jakarta\activation\jakarta.activation-api\2.1.2\jakarta.activation-api-2.1.2.jar;D:\env\apache-maven-3.6.3\res\net\minidev\json-smart\2.4.11\json-smart-2.4.11.jar;D:\env\apache-maven-3.6.3\res\net\minidev\accessors-smart\2.4.11\accessors-smart-2.4.11.jar;D:\env\apache-maven-3.6.3\res\org\ow2\asm\asm\9.3\asm-9.3.jar;D:\env\apache-maven-3.6.3\res\org\assertj\assertj-core\3.24.2\assertj-core-3.24.2.jar;D:\env\apache-maven-3.6.3\res\net\bytebuddy\byte-buddy\1.14.10\byte-buddy-1.14.10.jar;D:\env\apache-maven-3.6.3\res\org\hamcrest\hamcrest\2.2\hamcrest-2.2.jar;D:\env\apache-maven-3.6.3\res\org\junit\jupiter\junit-jupiter\5.9.3\junit-jupiter-5.9.3.jar;D:\env\apache-maven-3.6.3\res\org\junit\jupiter\junit-jupiter-api\5.9.3\junit-jupiter-api-5.9.3.jar;D:\env\apache-maven-3.6.3\res\org\opentest4j\opentest4j\1.2.0\opentest4j-1.2.0.jar;D:\env\apache-maven-3.6.3\res\org\junit\platform\junit-platform-commons\1.9.3\junit-platform-commons-1.9.3.jar;D:\env\apache-maven-3.6.3\res\org\apiguardian\apiguardian-api\1.1.2\apiguardian-api-1.1.2.jar;D:\env\apache-maven-3.6.3\res\org\junit\jupiter\junit-jupiter-params\5.9.3\junit-jupiter-params-5.9.3.jar;D:\env\apache-maven-3.6.3\res\org\junit\jupiter\junit-jupiter-engine\5.9.3\junit-jupiter-engine-5.9.3.jar;D:\env\apache-maven-3.6.3\res\org\junit\platform\junit-platform-engine\1.9.3\junit-platform-engine-1.9.3.jar;D:\env\apache-maven-3.6.3\res\org\mockito\mockito-core\5.3.1\mockito-core-5.3.1.jar;D:\env\apache-maven-3.6.3\res\net\bytebuddy\byte-buddy-agent\1.14.10\byte-buddy-agent-1.14.10.jar;D:\env\apache-maven-3.6.3\res\org\objenesis\objenesis\3.3\objenesis-3.3.jar;D:\env\apache-maven-3.6.3\res\org\mockito\mockito-junit-jupiter\5.3.1\mockito-junit-jupiter-5.3.1.jar;D:\env\apache-maven-3.6.3\res\org\skyscreamer\jsonassert\1.5.1\jsonassert-1.5.1.jar;D:\env\apache-maven-3.6.3\res\com\vaadin\external\google\android-json\0.0.20131108.vaadin1\android-json-0.0.20131108.vaadin1.jar;D:\env\apache-maven-3.6.3\res\org\springframework\spring-test\6.0.15\spring-test-6.0.15.jar;D:\env\apache-maven-3.6.3\res\org\xmlunit\xmlunit-core\2.9.1\xmlunit-core-2.9.1.jar;"/>
    <property name="java.vm.vendor" value="Oracle Corporation"/>
    <property name="sun.arch.data.model" value="64"/>
    <property name="user.variant" value=""/>
    <property name="java.vendor.url" value="https://java.oracle.com/"/>
    <property name="user.timezone" value="Asia/Shanghai"/>
    <property name="os.name" value="Windows 11"/>
    <property name="java.vm.specification.version" value="17"/>
    <property name="sun.java.launcher" value="SUN_STANDARD"/>
    <property name="user.country" value="CN"/>
    <property name="sun.boot.library.path" value="D:\env\jdk-17.0.6\bin"/>
    <property name="sun.java.command" value="C:\Users\29704\AppData\Local\Temp\surefire10993702544063796449\surefirebooter-20240524071900607_3.jar C:\Users\29704\AppData\Local\Temp\surefire10993702544063796449 2024-05-24T07-19-00_276-jvmRun1 surefire-20240524071900607_1tmp surefire_0-20240524071900607_2tmp"/>
    <property name="jdk.debug" value="release"/>
    <property name="surefire.test.class.path" value="D:\program\File-Server\target\test-classes;D:\program\File-Server\target\classes;D:\env\apache-maven-3.6.3\res\org\springframework\boot\spring-boot-starter\3.1.7-SNAPSHOT\spring-boot-starter-3.1.7-SNAPSHOT.jar;D:\env\apache-maven-3.6.3\res\org\springframework\boot\spring-boot\3.1.7-SNAPSHOT\spring-boot-3.1.7-SNAPSHOT.jar;D:\env\apache-maven-3.6.3\res\org\springframework\spring-context\6.0.15\spring-context-6.0.15.jar;D:\env\apache-maven-3.6.3\res\org\springframework\boot\spring-boot-autoconfigure\3.1.7-SNAPSHOT\spring-boot-autoconfigure-3.1.7-SNAPSHOT.jar;D:\env\apache-maven-3.6.3\res\org\springframework\boot\spring-boot-starter-logging\3.1.7-SNAPSHOT\spring-boot-starter-logging-3.1.7-SNAPSHOT.jar;D:\env\apache-maven-3.6.3\res\ch\qos\logback\logback-classic\1.4.14\logback-classic-1.4.14.jar;D:\env\apache-maven-3.6.3\res\ch\qos\logback\logback-core\1.4.14\logback-core-1.4.14.jar;D:\env\apache-maven-3.6.3\res\org\apache\logging\log4j\log4j-to-slf4j\2.20.0\log4j-to-slf4j-2.20.0.jar;D:\env\apache-maven-3.6.3\res\org\apache\logging\log4j\log4j-api\2.20.0\log4j-api-2.20.0.jar;D:\env\apache-maven-3.6.3\res\org\slf4j\jul-to-slf4j\2.0.9\jul-to-slf4j-2.0.9.jar;D:\env\apache-maven-3.6.3\res\jakarta\annotation\jakarta.annotation-api\2.1.1\jakarta.annotation-api-2.1.1.jar;D:\env\apache-maven-3.6.3\res\org\springframework\spring-core\6.0.15\spring-core-6.0.15.jar;D:\env\apache-maven-3.6.3\res\org\springframework\spring-jcl\6.0.15\spring-jcl-6.0.15.jar;D:\env\apache-maven-3.6.3\res\org\yaml\snakeyaml\1.33\snakeyaml-1.33.jar;D:\env\apache-maven-3.6.3\res\org\springframework\boot\spring-boot-starter-web\3.1.7-SNAPSHOT\spring-boot-starter-web-3.1.7-SNAPSHOT.jar;D:\env\apache-maven-3.6.3\res\org\springframework\boot\spring-boot-starter-json\3.1.7-SNAPSHOT\spring-boot-starter-json-3.1.7-SNAPSHOT.jar;D:\env\apache-maven-3.6.3\res\com\fasterxml\jackson\core\jackson-databind\2.15.3\jackson-databind-2.15.3.jar;D:\env\apache-maven-3.6.3\res\com\fasterxml\jackson\core\jackson-annotations\2.15.3\jackson-annotations-2.15.3.jar;D:\env\apache-maven-3.6.3\res\com\fasterxml\jackson\core\jackson-core\2.15.3\jackson-core-2.15.3.jar;D:\env\apache-maven-3.6.3\res\com\fasterxml\jackson\datatype\jackson-datatype-jdk8\2.15.3\jackson-datatype-jdk8-2.15.3.jar;D:\env\apache-maven-3.6.3\res\com\fasterxml\jackson\datatype\jackson-datatype-jsr310\2.15.3\jackson-datatype-jsr310-2.15.3.jar;D:\env\apache-maven-3.6.3\res\com\fasterxml\jackson\module\jackson-module-parameter-names\2.15.3\jackson-module-parameter-names-2.15.3.jar;D:\env\apache-maven-3.6.3\res\org\springframework\boot\spring-boot-starter-tomcat\3.1.7-SNAPSHOT\spring-boot-starter-tomcat-3.1.7-SNAPSHOT.jar;D:\env\apache-maven-3.6.3\res\org\apache\tomcat\embed\tomcat-embed-core\10.1.17\tomcat-embed-core-10.1.17.jar;D:\env\apache-maven-3.6.3\res\org\apache\tomcat\embed\tomcat-embed-el\10.1.17\tomcat-embed-el-10.1.17.jar;D:\env\apache-maven-3.6.3\res\org\apache\tomcat\embed\tomcat-embed-websocket\10.1.17\tomcat-embed-websocket-10.1.17.jar;D:\env\apache-maven-3.6.3\res\org\springframework\spring-web\6.0.15\spring-web-6.0.15.jar;D:\env\apache-maven-3.6.3\res\org\springframework\spring-beans\6.0.15\spring-beans-6.0.15.jar;D:\env\apache-maven-3.6.3\res\io\micrometer\micrometer-observation\1.11.7\micrometer-observation-1.11.7.jar;D:\env\apache-maven-3.6.3\res\io\micrometer\micrometer-commons\1.11.7\micrometer-commons-1.11.7.jar;D:\env\apache-maven-3.6.3\res\org\springframework\spring-webmvc\6.0.15\spring-webmvc-6.0.15.jar;D:\env\apache-maven-3.6.3\res\org\springframework\spring-aop\6.0.15\spring-aop-6.0.15.jar;D:\env\apache-maven-3.6.3\res\org\springframework\spring-expression\6.0.15\spring-expression-6.0.15.jar;D:\env\apache-maven-3.6.3\res\org\springframework\boot\spring-boot-starter-test\3.1.7-SNAPSHOT\spring-boot-starter-test-3.1.7-SNAPSHOT.jar;D:\env\apache-maven-3.6.3\res\org\springframework\boot\spring-boot-test\3.1.7-SNAPSHOT\spring-boot-test-3.1.7-SNAPSHOT.jar;D:\env\apache-maven-3.6.3\res\org\springframework\boot\spring-boot-test-autoconfigure\3.1.7-SNAPSHOT\spring-boot-test-autoconfigure-3.1.7-SNAPSHOT.jar;D:\env\apache-maven-3.6.3\res\com\jayway\jsonpath\json-path\2.8.0\json-path-2.8.0.jar;D:\env\apache-maven-3.6.3\res\org\slf4j\slf4j-api\2.0.9\slf4j-api-2.0.9.jar;D:\env\apache-maven-3.6.3\res\jakarta\xml\bind\jakarta.xml.bind-api\4.0.1\jakarta.xml.bind-api-4.0.1.jar;D:\env\apache-maven-3.6.3\res\jakarta\activation\jakarta.activation-api\2.1.2\jakarta.activation-api-2.1.2.jar;D:\env\apache-maven-3.6.3\res\net\minidev\json-smart\2.4.11\json-smart-2.4.11.jar;D:\env\apache-maven-3.6.3\res\net\minidev\accessors-smart\2.4.11\accessors-smart-2.4.11.jar;D:\env\apache-maven-3.6.3\res\org\ow2\asm\asm\9.3\asm-9.3.jar;D:\env\apache-maven-3.6.3\res\org\assertj\assertj-core\3.24.2\assertj-core-3.24.2.jar;D:\env\apache-maven-3.6.3\res\net\bytebuddy\byte-buddy\1.14.10\byte-buddy-1.14.10.jar;D:\env\apache-maven-3.6.3\res\org\hamcrest\hamcrest\2.2\hamcrest-2.2.jar;D:\env\apache-maven-3.6.3\res\org\junit\jupiter\junit-jupiter\5.9.3\junit-jupiter-5.9.3.jar;D:\env\apache-maven-3.6.3\res\org\junit\jupiter\junit-jupiter-api\5.9.3\junit-jupiter-api-5.9.3.jar;D:\env\apache-maven-3.6.3\res\org\opentest4j\opentest4j\1.2.0\opentest4j-1.2.0.jar;D:\env\apache-maven-3.6.3\res\org\junit\platform\junit-platform-commons\1.9.3\junit-platform-commons-1.9.3.jar;D:\env\apache-maven-3.6.3\res\org\apiguardian\apiguardian-api\1.1.2\apiguardian-api-1.1.2.jar;D:\env\apache-maven-3.6.3\res\org\junit\jupiter\junit-jupiter-params\5.9.3\junit-jupiter-params-5.9.3.jar;D:\env\apache-maven-3.6.3\res\org\junit\jupiter\junit-jupiter-engine\5.9.3\junit-jupiter-engine-5.9.3.jar;D:\env\apache-maven-3.6.3\res\org\junit\platform\junit-platform-engine\1.9.3\junit-platform-engine-1.9.3.jar;D:\env\apache-maven-3.6.3\res\org\mockito\mockito-core\5.3.1\mockito-core-5.3.1.jar;D:\env\apache-maven-3.6.3\res\net\bytebuddy\byte-buddy-agent\1.14.10\byte-buddy-agent-1.14.10.jar;D:\env\apache-maven-3.6.3\res\org\objenesis\objenesis\3.3\objenesis-3.3.jar;D:\env\apache-maven-3.6.3\res\org\mockito\mockito-junit-jupiter\5.3.1\mockito-junit-jupiter-5.3.1.jar;D:\env\apache-maven-3.6.3\res\org\skyscreamer\jsonassert\1.5.1\jsonassert-1.5.1.jar;D:\env\apache-maven-3.6.3\res\com\vaadin\external\google\android-json\0.0.20131108.vaadin1\android-json-0.0.20131108.vaadin1.jar;D:\env\apache-maven-3.6.3\res\org\springframework\spring-test\6.0.15\spring-test-6.0.15.jar;D:\env\apache-maven-3.6.3\res\org\xmlunit\xmlunit-core\2.9.1\xmlunit-core-2.9.1.jar;"/>
    <property name="sun.cpu.endian" value="little"/>
    <property name="user.home" value="C:\Users\29704"/>
    <property name="user.language" value="zh"/>
    <property name="java.specification.vendor" value="Oracle Corporation"/>
    <property name="java.version.date" value="2023-01-17"/>
    <property name="java.home" value="D:\env\jdk-17.0.6"/>
    <property name="file.separator" value="\"/>
    <property name="basedir" value="D:\program\File-Server"/>
    <property name="java.vm.compressedOopsMode" value="Zero based"/>
    <property name="line.separator" value="&#10;"/>
    <property name="java.vm.specification.vendor" value="Oracle Corporation"/>
    <property name="java.specification.name" value="Java Platform API Specification"/>
    <property name="FILE_LOG_CHARSET" value="GBK"/>
    <property name="java.awt.headless" value="true"/>
    <property name="surefire.real.class.path" value="C:\Users\29704\AppData\Local\Temp\surefire10993702544063796449\surefirebooter-20240524071900607_3.jar"/>
    <property name="user.script" value=""/>
    <property name="sun.management.compiler" value="HotSpot 64-Bit Tiered Compilers"/>
    <property name="java.runtime.version" value="17.0.6+9-LTS-190"/>
    <property name="user.name" value="29704"/>
    <property name="path.separator" value=";"/>
    <property name="os.version" value="10.0"/>
    <property name="java.runtime.name" value="Java(TM) SE Runtime Environment"/>
    <property name="file.encoding" value="GBK"/>
    <property name="java.vm.name" value="Java HotSpot(TM) 64-Bit Server VM"/>
    <property name="localRepository" value="D:\env\apache-maven-3.6.3\res"/>
    <property name="java.vendor.url.bug" value="https://bugreport.java.com/bugreport/"/>
    <property name="java.io.tmpdir" value="C:\Users\29704\AppData\Local\Temp\"/>
    <property name="idea.version" value="2023.2.4"/>
    <property name="java.version" value="17.0.6"/>
    <property name="user.dir" value="D:\program\File-Server"/>
    <property name="os.arch" value="amd64"/>
    <property name="java.vm.specification.name" value="Java Virtual Machine Specification"/>
    <property name="PID" value="21408"/>
    <property name="sun.os.patch.level" value=""/>
    <property name="CONSOLE_LOG_CHARSET" value="GBK"/>
    <property name="native.encoding" value="GBK"/>
    <property name="java.library.path" value="D:\env\jdk-17.0.6\bin;C:\Windows\Sun\Java\bin;C:\Windows\system32;C:\Windows;D:\softwareVMware Workstation\bin\;C:\Windows\system32;C:\Windows;C:\Windows\System32\Wbem;C:\Windows\System32\WindowsPowerShell\v1.0\;C:\Windows\System32\OpenSSH\;D:\env\nvm;D:\env\nodejs;D:\env\Git\cmd;D:\env\apache-maven-3.6.3\bin;D:\env\jdk-17.0.6\bin;C:\Program Files\Docker\Docker\resources\bin;D:\develop\Xshell 7\;D:\develop\Xftp 7\;D:\env\anaconda3\;D:\env\anaconda3\Scripts\;D:\env\BBDown\ffmpeg-master-latest-win64-gpl\bin;D:\env\BBDown\aria2-1.37.0-win-64bit-build1;C:\Program Files (x86)\EasyShare\x86\;C:\Program Files (x86)\EasyShare\x64\;D:\env\go-1.22.3\bin;D:\env\go-1.22.3\path;D:\env\ffmpeg-master-latest-win64-gpl\bin;C:\Users\29704\AppData\Local\Programs\Python\Launcher\;C:\Users\29704\AppData\Local\Microsoft\WindowsApps;D:\env\nvm;D:\env\nodejs;D:\develop\MicrosoftVSCode\bin;C:\Users\29704\AppData\Local\Programs\Ollama;D:\env\go-1.22.3\bin;D:\env\go-1.22.3\path;D:\env\go-1.22.3\path\bin;;."/>
    <property name="java.vm.info" value="mixed mode, sharing"/>
    <property name="java.vendor" value="Oracle Corporation"/>
    <property name="java.vm.version" value="17.0.6+9-LTS-190"/>
    <property name="sun.io.unicode.encoding" value="UnicodeLittle"/>
    <property name="java.class.version" value="61.0"/>
  </properties>
  <testcase name="contextLoads" classname="top.feli.wlt.WltApplicationTests" time="1.313">
    <system-out><![CDATA[07:19:01.651 [main] INFO org.springframework.test.context.support.AnnotationConfigContextLoaderUtils -- Could not detect default configuration classes for test class [top.feli.wlt.WltApplicationTests]: WltApplicationTests does not declare any static, non-private, non-final, nested classes annotated with @Configuration.
07:19:01.792 [main] INFO org.springframework.boot.test.context.SpringBootTestContextBootstrapper -- Found @SpringBootConfiguration top.feli.wlt.WltApplication for test class top.feli.wlt.WltApplicationTests

  .   ____          _            __ _ _
 /\\ / ___'_ __ _ _(_)_ __  __ _ \ \ \ \
( ( )\___ | '_ | '_| | '_ \/ _` | \ \ \ \
 \\/  ___)| |_)| | | | | || (_| |  ) ) ) )
  '  |____| .__|_| |_|_| |_\__, | / / / /
 =========|_|==============|___/=/_/_/_/
 :: Spring Boot ::       (v3.1.7-SNAPSHOT)

2024-05-24T07:19:02.432+08:00  INFO 21408 --- [           main] top.feli.wlt.WltApplicationTests         : Starting WltApplicationTests using Java 17.0.6 with PID 21408 (started by 29704 in D:\program\File-Server)
2024-05-24T07:19:02.434+08:00  INFO 21408 --- [           main] top.feli.wlt.WltApplicationTests         : No active profile set, falling back to 1 default profile: "default"
2024-05-24T07:19:04.107+08:00  INFO 21408 --- [           main] top.feli.wlt.WltApplicationTests         : Started WltApplicationTests in 1.998 seconds (process running for 3.266)
]]></system-out>
  </testcase>
</testsuite>